<?xml version="1.0" encoding="UTF-8"?>
<!-- Generated by org.testng.reporters.JUnitXMLReporter -->
<testsuite ignored="1" hostname="PRKG-BLR-01" failures="0" tests="13" name="Test" time="22.071" errors="0" timestamp="2023-05-26T12:20:50 IST">
  <testcase classname="Testng.Login" name="test" time="22.015"/>
  <testcase classname="Testng.Soecifypriority" name="test2" time="0.001"/>
  <testcase classname="Testng.Soecifypriority" name="test3" time="0.001"/>
  <testcase classname="Testng.Soecifypriority" name="test1" time="0.001"/>
  <testcase classname="Testng.Enables" name="Tc2" time="0.001"/>
  <testcase classname="Testng.Tc1" name="test1" time="0.001"/>
  <testcase classname="Testng.Tc1" name="test2" time="0.001"/>
  <testcase classname="Testng.Tc1" name="test3" time="0.001"/>
  <testcase classname="Testng.Count" name="test1" time="0.001"/>
  <testcase classname="Testng.Count" name="test1" time="0.002"/>
  <testcase classname="Testng.Count" name="test2" time="0.002"/>
  <testcase classname="Testng.Count" name="test2" time="0.001"/>
  <testcase classname="Testng.Count" name="test2" time="0.001"/>
  <testcase classname="Testng.Enables" name="Tc1" time="0.0">
    <ignored/>
  </testcase> <!-- Tc1 -->
</testsuite> <!-- Test -->
